<?xml version="1.0" encoding="UTF-8"?>
<testng-results ignored="0" total="2" passed="2" failed="0" skipped="0">
  <reporter-output>
  </reporter-output>
  <suite started-at="2026-01-05T18:58:24 IST" name="Suite" finished-at="2026-01-05T18:59:07 IST" duration-ms="43204">
    <groups>
    </groups>
    <test started-at="2026-01-05T18:58:24 IST" name="Test" finished-at="2026-01-05T18:59:07 IST" duration-ms="43204">
      <class name="tests.LoginTest">
        <test-method is-config="true" signature="setUp()[pri:0, instance:tests.LoginTest@1c1bbc4e]" started-at="2026-01-05T18:58:47 IST" name="setUp" finished-at="2026-01-05T18:58:54 IST" duration-ms="7029" status="PASS">
          <reporter-output>
          </reporter-output>
        </test-method> <!-- setUp -->
        <test-method signature="verifyLoginFunctionality()[pri:0, instance:tests.LoginTest@1c1bbc4e]" started-at="2026-01-05T18:58:54 IST" name="verifyLoginFunctionality" finished-at="2026-01-05T18:59:06 IST" duration-ms="12213" status="PASS">
          <reporter-output>
          </reporter-output>
        </test-method> <!-- verifyLoginFunctionality -->
        <test-method is-config="true" signature="tearDown()[pri:0, instance:tests.LoginTest@1c1bbc4e]" started-at="2026-01-05T18:59:06 IST" name="tearDown" finished-at="2026-01-05T18:59:07 IST" duration-ms="1164" status="PASS">
          <reporter-output>
          </reporter-output>
        </test-method> <!-- tearDown -->
      </class> <!-- tests.LoginTest -->
      <class name="tests.ProfileTest">
        <test-method is-config="true" signature="setUp()[pri:0, instance:tests.ProfileTest@ba2f4ec]" started-at="2026-01-05T18:58:24 IST" name="setUp" finished-at="2026-01-05T18:58:32 IST" duration-ms="8330" status="PASS">
          <reporter-output>
          </reporter-output>
        </test-method> <!-- setUp -->
        <test-method signature="verifyMyInfoPage()[pri:0, instance:tests.ProfileTest@ba2f4ec]" started-at="2026-01-05T18:58:32 IST" name="verifyMyInfoPage" finished-at="2026-01-05T18:58:46 IST" duration-ms="14041" status="PASS">
          <reporter-output>
          </reporter-output>
        </test-method> <!-- verifyMyInfoPage -->
        <test-method is-config="true" signature="tearDown()[pri:0, instance:tests.ProfileTest@ba2f4ec]" started-at="2026-01-05T18:58:46 IST" name="tearDown" finished-at="2026-01-05T18:58:47 IST" duration-ms="344" status="PASS">
          <reporter-output>
          </reporter-output>
        </test-method> <!-- tearDown -->
      </class> <!-- tests.ProfileTest -->
    </test> <!-- Test -->
  </suite> <!-- Suite -->
</testng-results>
